

       _               _
   ___| |__   ___  ___| | _______   __
  / __| '_ \ / _ \/ __| |/ / _ \ \ / /
 | (__| | | |  __/ (__|   < (_) \ V /
  \___|_| |_|\___|\___|_|\_\___/ \_/

By Prisma Cloud | version: 3.2.372 
Update available 3.2.372 -> 3.2.378
Run pip3 install -U checkov to update 


github_actions scan results:

Passed checks: 86, Failed checks: 5, Skipped checks: 0

Check: CKV_GHA_7: "The build output cannot be affected by user parameters other than the build entry point and the top-level source location. GitHub Actions workflow_dispatch inputs MUST be empty. "
	PASSED for resource: on(checkov)
	File: /.github/workflows/checkov.yaml:5-12
Check: CKV_GHA_4: "Suspicious use of netcat with IP address"
	PASSED for resource: jobs(scan)
	File: /.github/workflows/checkov.yaml:13-35
Check: CKV_GHA_2: "Ensure run commands are not vulnerable to shell injection"
	PASSED for resource: jobs(scan)
	File: /.github/workflows/checkov.yaml:13-35
Check: CKV_GHA_1: "Ensure ACTIONS_ALLOW_UNSECURE_COMMANDS isn't true on environment variables"
	PASSED for resource: jobs(scan)
	File: /.github/workflows/checkov.yaml:13-35
Check: CKV_GHA_3: "Suspicious use of curl with secrets"
	PASSED for resource: jobs(scan)
	File: /.github/workflows/checkov.yaml:13-35
Check: CKV_GHA_6: "Found artifact build without evidence of cosign sbom attestation in pipeline"
	PASSED for resource: jobs
	File: /.github/workflows/checkov.yaml:12-35
Check: CKV_GHA_5: "Found artifact build without evidence of cosign sign execution in pipeline"
	PASSED for resource: jobs
	File: /.github/workflows/checkov.yaml:12-35
Check: CKV_GHA_4: "Suspicious use of netcat with IP address"
	PASSED for resource: jobs(scan).steps[1]
	File: /.github/workflows/checkov.yaml:21-24
Check: CKV_GHA_4: "Suspicious use of netcat with IP address"
	PASSED for resource: jobs(scan).steps[2](Checkov GitHub Action)
	File: /.github/workflows/checkov.yaml:23-30
Check: CKV_GHA_4: "Suspicious use of netcat with IP address"
	PASSED for resource: jobs(scan).steps[3](Upload SARIF file)
	File: /.github/workflows/checkov.yaml:29-35
Check: CKV_GHA_2: "Ensure run commands are not vulnerable to shell injection"
	PASSED for resource: jobs(scan).steps[1]
	File: /.github/workflows/checkov.yaml:21-24
Check: CKV_GHA_2: "Ensure run commands are not vulnerable to shell injection"
	PASSED for resource: jobs(scan).steps[2](Checkov GitHub Action)
	File: /.github/workflows/checkov.yaml:23-30
Check: CKV_GHA_2: "Ensure run commands are not vulnerable to shell injection"
	PASSED for resource: jobs(scan).steps[3](Upload SARIF file)
	File: /.github/workflows/checkov.yaml:29-35
Check: CKV_GHA_1: "Ensure ACTIONS_ALLOW_UNSECURE_COMMANDS isn't true on environment variables"
	PASSED for resource: jobs(scan).steps[1]
	File: /.github/workflows/checkov.yaml:21-24
Check: CKV_GHA_1: "Ensure ACTIONS_ALLOW_UNSECURE_COMMANDS isn't true on environment variables"
	PASSED for resource: jobs(scan).steps[2](Checkov GitHub Action)
	File: /.github/workflows/checkov.yaml:23-30
Check: CKV_GHA_1: "Ensure ACTIONS_ALLOW_UNSECURE_COMMANDS isn't true on environment variables"
	PASSED for resource: jobs(scan).steps[3](Upload SARIF file)
	File: /.github/workflows/checkov.yaml:29-35
Check: CKV_GHA_3: "Suspicious use of curl with secrets"
	PASSED for resource: jobs(scan).steps[1]
	File: /.github/workflows/checkov.yaml:21-24
Check: CKV_GHA_3: "Suspicious use of curl with secrets"
	PASSED for resource: jobs(scan).steps[2](Checkov GitHub Action)
	File: /.github/workflows/checkov.yaml:23-30
Check: CKV_GHA_3: "Suspicious use of curl with secrets"
	PASSED for resource: jobs(scan).steps[3](Upload SARIF file)
	File: /.github/workflows/checkov.yaml:29-35
Check: CKV_GHA_7: "The build output cannot be affected by user parameters other than the build entry point and the top-level source location. GitHub Actions workflow_dispatch inputs MUST be empty. "
	PASSED for resource: on(Release Charts)
	File: /.github/workflows/helm-release.yaml:4-13
Check: CKV_GHA_4: "Suspicious use of netcat with IP address"
	PASSED for resource: jobs(release)
	File: /.github/workflows/helm-release.yaml:14-56
Check: CKV_GHA_2: "Ensure run commands are not vulnerable to shell injection"
	PASSED for resource: jobs(release)
	File: /.github/workflows/helm-release.yaml:14-56
Check: CKV_GHA_1: "Ensure ACTIONS_ALLOW_UNSECURE_COMMANDS isn't true on environment variables"
	PASSED for resource: jobs(release)
	File: /.github/workflows/helm-release.yaml:14-56
Check: CKV_GHA_3: "Suspicious use of curl with secrets"
	PASSED for resource: jobs(release)
	File: /.github/workflows/helm-release.yaml:14-56
Check: CKV_GHA_6: "Found artifact build without evidence of cosign sbom attestation in pipeline"
	PASSED for resource: jobs
	File: /.github/workflows/helm-release.yaml:13-56
Check: CKV_GHA_5: "Found artifact build without evidence of cosign sign execution in pipeline"
	PASSED for resource: jobs
	File: /.github/workflows/helm-release.yaml:13-56
Check: CKV_GHA_4: "Suspicious use of netcat with IP address"
	PASSED for resource: jobs(release).steps[1](Checkout)
	File: /.github/workflows/helm-release.yaml:21-27
Check: CKV_GHA_4: "Suspicious use of netcat with IP address"
	PASSED for resource: jobs(release).steps[2](Configure Git)
	File: /.github/workflows/helm-release.yaml:26-32
Check: CKV_GHA_4: "Suspicious use of netcat with IP address"
	PASSED for resource: jobs(release).steps[3](Install Helm)
	File: /.github/workflows/helm-release.yaml:31-37
Check: CKV_GHA_4: "Suspicious use of netcat with IP address"
	PASSED for resource: jobs(release).steps[4](Helm package)
	File: /.github/workflows/helm-release.yaml:36-47
Check: CKV_GHA_4: "Suspicious use of netcat with IP address"
	PASSED for resource: jobs(release).steps[5](Releasing tags and publishing charts)
	File: /.github/workflows/helm-release.yaml:46-56
Check: CKV_GHA_2: "Ensure run commands are not vulnerable to shell injection"
	PASSED for resource: jobs(release).steps[1](Checkout)
	File: /.github/workflows/helm-release.yaml:21-27
Check: CKV_GHA_2: "Ensure run commands are not vulnerable to shell injection"
	PASSED for resource: jobs(release).steps[2](Configure Git)
	File: /.github/workflows/helm-release.yaml:26-32
Check: CKV_GHA_2: "Ensure run commands are not vulnerable to shell injection"
	PASSED for resource: jobs(release).steps[3](Install Helm)
	File: /.github/workflows/helm-release.yaml:31-37
Check: CKV_GHA_2: "Ensure run commands are not vulnerable to shell injection"
	PASSED for resource: jobs(release).steps[4](Helm package)
	File: /.github/workflows/helm-release.yaml:36-47
Check: CKV_GHA_2: "Ensure run commands are not vulnerable to shell injection"
	PASSED for resource: jobs(release).steps[5](Releasing tags and publishing charts)
	File: /.github/workflows/helm-release.yaml:46-56
Check: CKV_GHA_1: "Ensure ACTIONS_ALLOW_UNSECURE_COMMANDS isn't true on environment variables"
	PASSED for resource: jobs(release).steps[1](Checkout)
	File: /.github/workflows/helm-release.yaml:21-27
Check: CKV_GHA_1: "Ensure ACTIONS_ALLOW_UNSECURE_COMMANDS isn't true on environment variables"
	PASSED for resource: jobs(release).steps[2](Configure Git)
	File: /.github/workflows/helm-release.yaml:26-32
Check: CKV_GHA_1: "Ensure ACTIONS_ALLOW_UNSECURE_COMMANDS isn't true on environment variables"
	PASSED for resource: jobs(release).steps[3](Install Helm)
	File: /.github/workflows/helm-release.yaml:31-37
Check: CKV_GHA_1: "Ensure ACTIONS_ALLOW_UNSECURE_COMMANDS isn't true on environment variables"
	PASSED for resource: jobs(release).steps[4](Helm package)
	File: /.github/workflows/helm-release.yaml:36-47
Check: CKV_GHA_1: "Ensure ACTIONS_ALLOW_UNSECURE_COMMANDS isn't true on environment variables"
	PASSED for resource: jobs(release).steps[5](Releasing tags and publishing charts)
	File: /.github/workflows/helm-release.yaml:46-56
Check: CKV_GHA_3: "Suspicious use of curl with secrets"
	PASSED for resource: jobs(release).steps[1](Checkout)
	File: /.github/workflows/helm-release.yaml:21-27
Check: CKV_GHA_3: "Suspicious use of curl with secrets"
	PASSED for resource: jobs(release).steps[2](Configure Git)
	File: /.github/workflows/helm-release.yaml:26-32
Check: CKV_GHA_3: "Suspicious use of curl with secrets"
	PASSED for resource: jobs(release).steps[3](Install Helm)
	File: /.github/workflows/helm-release.yaml:31-37
Check: CKV_GHA_3: "Suspicious use of curl with secrets"
	PASSED for resource: jobs(release).steps[4](Helm package)
	File: /.github/workflows/helm-release.yaml:36-47
Check: CKV_GHA_3: "Suspicious use of curl with secrets"
	PASSED for resource: jobs(release).steps[5](Releasing tags and publishing charts)
	File: /.github/workflows/helm-release.yaml:46-56
Check: CKV_GHA_7: "The build output cannot be affected by user parameters other than the build entry point and the top-level source location. GitHub Actions workflow_dispatch inputs MUST be empty. "
	PASSED for resource: on(changelog)
	File: /.github/workflows/changelog.yml:4-9
Check: CKV_GHA_4: "Suspicious use of netcat with IP address"
	PASSED for resource: jobs(changelog)
	File: /.github/workflows/changelog.yml:10-14
Check: CKV_GHA_2: "Ensure run commands are not vulnerable to shell injection"
	PASSED for resource: jobs(changelog)
	File: /.github/workflows/changelog.yml:10-14
Check: CKV_GHA_1: "Ensure ACTIONS_ALLOW_UNSECURE_COMMANDS isn't true on environment variables"
	PASSED for resource: jobs(changelog)
	File: /.github/workflows/changelog.yml:10-14
Check: CKV_GHA_3: "Suspicious use of curl with secrets"
	PASSED for resource: jobs(changelog)
	File: /.github/workflows/changelog.yml:10-14
Check: CKV_GHA_6: "Found artifact build without evidence of cosign sbom attestation in pipeline"
	PASSED for resource: jobs
	File: /.github/workflows/changelog.yml:9-14
Check: CKV_GHA_5: "Found artifact build without evidence of cosign sign execution in pipeline"
	PASSED for resource: jobs
	File: /.github/workflows/changelog.yml:9-14
Check: CKV_GHA_4: "Suspicious use of netcat with IP address"
	PASSED for resource: jobs(helm-check)
	File: /.github/workflows/helm-template.yaml:5-26
Check: CKV_GHA_2: "Ensure run commands are not vulnerable to shell injection"
	PASSED for resource: jobs(helm-check)
	File: /.github/workflows/helm-template.yaml:5-26
Check: CKV_GHA_1: "Ensure ACTIONS_ALLOW_UNSECURE_COMMANDS isn't true on environment variables"
	PASSED for resource: jobs(helm-check)
	File: /.github/workflows/helm-template.yaml:5-26
Check: CKV_GHA_3: "Suspicious use of curl with secrets"
	PASSED for resource: jobs(helm-check)
	File: /.github/workflows/helm-template.yaml:5-26
Check: CKV_GHA_6: "Found artifact build without evidence of cosign sbom attestation in pipeline"
	PASSED for resource: jobs
	File: /.github/workflows/helm-template.yaml:4-26
Check: CKV_GHA_5: "Found artifact build without evidence of cosign sign execution in pipeline"
	PASSED for resource: jobs
	File: /.github/workflows/helm-template.yaml:4-26
Check: CKV_GHA_4: "Suspicious use of netcat with IP address"
	PASSED for resource: jobs(helm-check).steps[1]
	File: /.github/workflows/helm-template.yaml:8-10
Check: CKV_GHA_4: "Suspicious use of netcat with IP address"
	PASSED for resource: jobs(helm-check).steps[2](helm-check-helmchart)
	File: /.github/workflows/helm-template.yaml:9-15
Check: CKV_GHA_4: "Suspicious use of netcat with IP address"
	PASSED for resource: jobs(helm-check).steps[3](helm-check-cronjob)
	File: /.github/workflows/helm-template.yaml:14-21
Check: CKV_GHA_4: "Suspicious use of netcat with IP address"
	PASSED for resource: jobs(helm-check).steps[4](Run helm unittest)
	File: /.github/workflows/helm-template.yaml:20-26
Check: CKV_GHA_2: "Ensure run commands are not vulnerable to shell injection"
	PASSED for resource: jobs(helm-check).steps[1]
	File: /.github/workflows/helm-template.yaml:8-10
Check: CKV_GHA_2: "Ensure run commands are not vulnerable to shell injection"
	PASSED for resource: jobs(helm-check).steps[2](helm-check-helmchart)
	File: /.github/workflows/helm-template.yaml:9-15
Check: CKV_GHA_2: "Ensure run commands are not vulnerable to shell injection"
	PASSED for resource: jobs(helm-check).steps[3](helm-check-cronjob)
	File: /.github/workflows/helm-template.yaml:14-21
Check: CKV_GHA_2: "Ensure run commands are not vulnerable to shell injection"
	PASSED for resource: jobs(helm-check).steps[4](Run helm unittest)
	File: /.github/workflows/helm-template.yaml:20-26
Check: CKV_GHA_1: "Ensure ACTIONS_ALLOW_UNSECURE_COMMANDS isn't true on environment variables"
	PASSED for resource: jobs(helm-check).steps[1]
	File: /.github/workflows/helm-template.yaml:8-10
Check: CKV_GHA_1: "Ensure ACTIONS_ALLOW_UNSECURE_COMMANDS isn't true on environment variables"
	PASSED for resource: jobs(helm-check).steps[2](helm-check-helmchart)
	File: /.github/workflows/helm-template.yaml:9-15
Check: CKV_GHA_1: "Ensure ACTIONS_ALLOW_UNSECURE_COMMANDS isn't true on environment variables"
	PASSED for resource: jobs(helm-check).steps[3](helm-check-cronjob)
	File: /.github/workflows/helm-template.yaml:14-21
Check: CKV_GHA_1: "Ensure ACTIONS_ALLOW_UNSECURE_COMMANDS isn't true on environment variables"
	PASSED for resource: jobs(helm-check).steps[4](Run helm unittest)
	File: /.github/workflows/helm-template.yaml:20-26
Check: CKV_GHA_3: "Suspicious use of curl with secrets"
	PASSED for resource: jobs(helm-check).steps[1]
	File: /.github/workflows/helm-template.yaml:8-10
Check: CKV_GHA_3: "Suspicious use of curl with secrets"
	PASSED for resource: jobs(helm-check).steps[2](helm-check-helmchart)
	File: /.github/workflows/helm-template.yaml:9-15
Check: CKV_GHA_3: "Suspicious use of curl with secrets"
	PASSED for resource: jobs(helm-check).steps[3](helm-check-cronjob)
	File: /.github/workflows/helm-template.yaml:14-21
Check: CKV_GHA_3: "Suspicious use of curl with secrets"
	PASSED for resource: jobs(helm-check).steps[4](Run helm unittest)
	File: /.github/workflows/helm-template.yaml:20-26
Check: CKV_GHA_7: "The build output cannot be affected by user parameters other than the build entry point and the top-level source location. GitHub Actions workflow_dispatch inputs MUST be empty. "
	PASSED for resource: on(Helm Docs)
	File: /.github/workflows/helm-docs.yaml:4-12
Check: CKV_GHA_4: "Suspicious use of netcat with IP address"
	PASSED for resource: jobs(install-helm-docs)
	File: /.github/workflows/helm-docs.yaml:13-21
Check: CKV_GHA_2: "Ensure run commands are not vulnerable to shell injection"
	PASSED for resource: jobs(install-helm-docs)
	File: /.github/workflows/helm-docs.yaml:13-21
Check: CKV_GHA_1: "Ensure ACTIONS_ALLOW_UNSECURE_COMMANDS isn't true on environment variables"
	PASSED for resource: jobs(install-helm-docs)
	File: /.github/workflows/helm-docs.yaml:13-21
Check: CKV_GHA_3: "Suspicious use of curl with secrets"
	PASSED for resource: jobs(install-helm-docs)
	File: /.github/workflows/helm-docs.yaml:13-21
Check: CKV_GHA_6: "Found artifact build without evidence of cosign sbom attestation in pipeline"
	PASSED for resource: jobs
	File: /.github/workflows/helm-docs.yaml:12-21
Check: CKV_GHA_5: "Found artifact build without evidence of cosign sign execution in pipeline"
	PASSED for resource: jobs
	File: /.github/workflows/helm-docs.yaml:12-21
Check: CKV_GHA_4: "Suspicious use of netcat with IP address"
	PASSED for resource: jobs(install-helm-docs).steps[1](Install Helm Docs)
	File: /.github/workflows/helm-docs.yaml:16-21
Check: CKV_GHA_2: "Ensure run commands are not vulnerable to shell injection"
	PASSED for resource: jobs(install-helm-docs).steps[1](Install Helm Docs)
	File: /.github/workflows/helm-docs.yaml:16-21
Check: CKV_GHA_1: "Ensure ACTIONS_ALLOW_UNSECURE_COMMANDS isn't true on environment variables"
	PASSED for resource: jobs(install-helm-docs).steps[1](Install Helm Docs)
	File: /.github/workflows/helm-docs.yaml:16-21
Check: CKV_GHA_3: "Suspicious use of curl with secrets"
	PASSED for resource: jobs(install-helm-docs).steps[1](Install Helm Docs)
	File: /.github/workflows/helm-docs.yaml:16-21
Check: CKV2_GHA_1: "Ensure top-level permissions are not set to write-all"
	FAILED for resource: on(checkov)
	File: /.github/workflows/checkov.yaml:13-14
Check: CKV2_GHA_1: "Ensure top-level permissions are not set to write-all"
	FAILED for resource: on(Release Charts)
	File: /.github/workflows/helm-release.yaml:14-15
Check: CKV2_GHA_1: "Ensure top-level permissions are not set to write-all"
	FAILED for resource: on(changelog)
	File: /.github/workflows/changelog.yml:2-3
Check: CKV2_GHA_1: "Ensure top-level permissions are not set to write-all"
	FAILED for resource: on(Helm CI)
	File: /.github/workflows/helm-template.yaml:0-1
Check: CKV2_GHA_1: "Ensure top-level permissions are not set to write-all"
	FAILED for resource: on(Helm Docs)
	File: /.github/workflows/helm-docs.yaml:0-1

